SF:/Users/runner/work/WKWebView_WarmUp/WKWebView_WarmUp/Sources/WKWebView_WarmUp/Heater.swift
FN:23,$s16WKWebView_WarmUp6HeaterC13anonymousPoolSayxGvpfi
FN:25,$s16WKWebView_WarmUp6HeaterC17anonymousPoolSizeSivW
FN:41,$s16WKWebView_WarmUp6HeaterC15creationClosureACyxGxyc_tcfc
FN:48,$s16WKWebView_WarmUp6HeaterC04warmD033_82C4AFC5BDD1BEE2F75043B5BA589F5DLLyyF
FN:57,$s16WKWebView_WarmUp6HeaterC09createAndcD033_82C4AFC5BDD1BEE2F75043B5BA589F5DLLxyF
FN:68,$s16WKWebView_WarmUp6HeaterC7dequeuexyF
FNDA:2,$s16WKWebView_WarmUp6HeaterC13anonymousPoolSayxGvpfi
FNDA:7,$s16WKWebView_WarmUp6HeaterC17anonymousPoolSizeSivW
FNDA:2,$s16WKWebView_WarmUp6HeaterC15creationClosureACyxGxyc_tcfc
FNDA:12,$s16WKWebView_WarmUp6HeaterC04warmD033_82C4AFC5BDD1BEE2F75043B5BA589F5DLLyyF
FNDA:0,$s16WKWebView_WarmUp6HeaterC09createAndcD033_82C4AFC5BDD1BEE2F75043B5BA589F5DLLxyF
FNDA:3,$s16WKWebView_WarmUp6HeaterC7dequeuexyF
FNF:6
FNH:5
DA:23,2
DA:25,7
DA:26,7
DA:27,7
DA:41,2
DA:42,2
DA:43,2
DA:44,2
DA:45,2
DA:48,12
DA:49,27
DA:50,15
DA:51,15
DA:52,15
DA:53,12
DA:54,12
DA:57,0
DA:58,0
DA:59,0
DA:60,0
DA:61,0
DA:68,3
DA:69,3
DA:70,3
DA:71,3
DA:72,3
DA:73,3
DA:74,0
DA:75,3
DA:76,3
DA:77,3
DA:78,3
BRF:0
BFH:0
LF:32
LH:26
end_of_record
SF:/Users/runner/work/WKWebView_WarmUp/WKWebView_WarmUp/Sources/WKWebView_WarmUp/URLRequestHeater.swift
FN:24,$s16WKWebView_WarmUp16URLRequestHeaterC4poolSDySSxGvpfi
FN:38,$s16WKWebView_WarmUp16URLRequestHeaterC15creationClosureACyxGxyc_tcfc
FN:50,$s16WKWebView_WarmUp16URLRequestHeaterC04warmD04withy10Foundation3URLV_tF
FN:58,$s16WKWebView_WarmUp16URLRequestHeaterC04warmD04withy10Foundation0E0V_tF
FN:70,$s16WKWebView_WarmUp16URLRequestHeaterC7dequeuexyF
FN:77,$s16WKWebView_WarmUp16URLRequestHeaterC7dequeue4withxSg10Foundation3URLV_tF
FN:89,$s16WKWebView_WarmUp16URLRequestHeaterC7dequeue4withxSg10Foundation0E0V_tF
FN:102,$s16WKWebView_WarmUp16URLRequestHeaterC5clearyyF
FNDA:2,$s16WKWebView_WarmUp16URLRequestHeaterC4poolSDySSxGvpfi
FNDA:2,$s16WKWebView_WarmUp16URLRequestHeaterC15creationClosureACyxGxyc_tcfc
FNDA:2,$s16WKWebView_WarmUp16URLRequestHeaterC04warmD04withy10Foundation3URLV_tF
FNDA:2,$s16WKWebView_WarmUp16URLRequestHeaterC04warmD04withy10Foundation0E0V_tF
FNDA:3,$s16WKWebView_WarmUp16URLRequestHeaterC7dequeuexyF
FNDA:2,$s16WKWebView_WarmUp16URLRequestHeaterC7dequeue4withxSg10Foundation3URLV_tF
FNDA:0,$s16WKWebView_WarmUp16URLRequestHeaterC7dequeue4withxSg10Foundation0E0V_tF
FNDA:0,$s16WKWebView_WarmUp16URLRequestHeaterC5clearyyF
FNF:8
FNH:6
DA:24,2
DA:38,2
DA:39,2
DA:40,2
DA:41,2
DA:50,2
DA:51,2
DA:52,2
DA:53,2
DA:58,2
DA:59,2
DA:60,2
DA:61,2
DA:62,2
DA:63,2
DA:70,3
DA:71,3
DA:72,3
DA:77,2
DA:78,2
DA:79,0
DA:80,0
DA:81,2
DA:82,2
DA:83,2
DA:84,2
DA:89,0
DA:90,0
DA:91,0
DA:92,0
DA:93,0
DA:94,0
DA:95,0
DA:96,0
DA:102,0
DA:103,0
DA:104,0
BRF:0
BFH:0
LF:37
LH:24
end_of_record
SF:/Users/runner/work/WKWebView_WarmUp/WKWebView_WarmUp/Sources/WKWebView_WarmUp/WKWebView+Extensions.swift
FN:14,$sSo9WKWebViewC0aB7_WarmUpE04warmD0yyF
FN:21,$sSo9WKWebViewC0aB7_WarmUpE04warmD04withy10Foundation3URLV_tF
FN:27,$sSo9WKWebViewC0aB7_WarmUpE04warmD04withy10Foundation10URLRequestV_tF
FNDA:15,$sSo9WKWebViewC0aB7_WarmUpE04warmD0yyF
FNDA:0,$sSo9WKWebViewC0aB7_WarmUpE04warmD04withy10Foundation3URLV_tF
FNDA:2,$sSo9WKWebViewC0aB7_WarmUpE04warmD04withy10Foundation10URLRequestV_tF
FNF:3
FNH:2
DA:14,15
DA:15,15
DA:16,15
DA:21,0
DA:22,0
DA:23,0
DA:27,2
DA:28,2
DA:29,2
BRF:0
BFH:0
LF:9
LH:6
end_of_record
SF:/Users/runner/work/WKWebView_WarmUp/WKWebView_WarmUp/Sources/WKWebView_WarmUp/WKWebViewHeater.swift
FN:17,$s16WKWebView_WarmUp16URLRequestHeaterCAASo0aB0CRszrlE6sharedACyAEGvpZfiAEycfU_
FN:27,$s16WKWebView_WarmUp16URLRequestHeaterCAASo0aB0CRszrlE13sharedManagerACyAEGAA0ab6SharedH0C_tcfC
FN:28,$s16WKWebView_WarmUp16URLRequestHeaterCAASo0aB0CRszrlE13sharedManagerACyAEGAA0ab6SharedH0C_tcfcAEycfU_
FNDA:11,$s16WKWebView_WarmUp16URLRequestHeaterCAASo0aB0CRszrlE6sharedACyAEGvpZfiAEycfU_
FNDA:1,$s16WKWebView_WarmUp16URLRequestHeaterCAASo0aB0CRszrlE13sharedManagerACyAEGAA0ab6SharedH0C_tcfC
FNDA:6,$s16WKWebView_WarmUp16URLRequestHeaterCAASo0aB0CRszrlE13sharedManagerACyAEGAA0ab6SharedH0C_tcfcAEycfU_
FNF:3
FNH:3
DA:17,11
DA:18,11
DA:19,11
DA:20,11
DA:21,11
DA:27,1
DA:28,6
DA:29,6
DA:30,6
DA:31,6
DA:32,6
DA:33,6
DA:34,1
BRF:0
BFH:0
LF:19
LH:19
end_of_record
SF:/Users/runner/work/WKWebView_WarmUp/WKWebView_WarmUp/Sources/WKWebView_WarmUp/WKWebViewSharedManager.swift
FN:21,$s16WKWebView_WarmUp0aB13SharedManagerC13configurationACSo0aB13ConfigurationC_tcfc
FNDA:2,$s16WKWebView_WarmUp0aB13SharedManagerC13configurationACSo0aB13ConfigurationC_tcfc
FNF:1
FNH:1
DA:21,2
DA:22,2
DA:23,2
DA:24,2
DA:25,2
BRF:0
BFH:0
LF:5
LH:5
end_of_record
