SF:/Users/runner/work/WKWebView_WarmUp/WKWebView_WarmUp/Sources/WKWebView_WarmUp/Heater.swift
FN:23,$s16WKWebView_WarmUp6HeaterC13anonymousPoolSayxGvpfi
FN:25,$s16WKWebView_WarmUp6HeaterC17anonymousPoolSizeSivW
FN:41,$s16WKWebView_WarmUp6HeaterC15creationClosureACyxGxyc_tcfc
FN:48,$s16WKWebView_WarmUp6HeaterC04warmD033_82C4AFC5BDD1BEE2F75043B5BA589F5DLLyyF
FN:57,$s16WKWebView_WarmUp6HeaterC09createAndcD033_82C4AFC5BDD1BEE2F75043B5BA589F5DLLxyF
FN:68,$s16WKWebView_WarmUp6HeaterC7dequeuexyF
FNDA:2,$s16WKWebView_WarmUp6HeaterC13anonymousPoolSayxGvpfi
FNDA:8,$s16WKWebView_WarmUp6HeaterC17anonymousPoolSizeSivW
FNDA:2,$s16WKWebView_WarmUp6HeaterC15creationClosureACyxGxyc_tcfc
FNDA:13,$s16WKWebView_WarmUp6HeaterC04warmD033_82C4AFC5BDD1BEE2F75043B5BA589F5DLLyyF
FNDA:0,$s16WKWebView_WarmUp6HeaterC09createAndcD033_82C4AFC5BDD1BEE2F75043B5BA589F5DLLxyF
FNDA:3,$s16WKWebView_WarmUp6HeaterC7dequeuexyF
FNF:6
FNH:5
DA:23,2
DA:25,8
DA:26,8
DA:27,8
DA:41,2
DA:42,2
DA:43,2
DA:44,2
DA:45,2
DA:48,13
DA:49,28
DA:50,15
DA:51,15
DA:52,15
DA:53,13
DA:54,13
DA:57,0
DA:58,0
DA:59,0
DA:60,0
DA:61,0
DA:68,3
DA:69,3
DA:70,3
DA:71,3
DA:72,3
DA:73,3
DA:74,0
DA:75,3
DA:76,3
DA:77,3
DA:78,3
BRF:0
BFH:0
LF:32
LH:26
end_of_record
SF:/Users/runner/work/WKWebView_WarmUp/WKWebView_WarmUp/Sources/WKWebView_WarmUp/URLRequestHeater.swift
FN:25,$s16WKWebView_WarmUp16URLRequestHeaterC4poolSDy10Foundation0E0VxGvpfi
FN:26,$s16WKWebView_WarmUp16URLRequestHeaterC15objectsLivespanSDy10Foundation0E0VSdGvpfi
FN:40,$s16WKWebView_WarmUp16URLRequestHeaterC15creationClosureACyxGxyc_tcfc
FN:45,$s16WKWebView_WarmUp16URLRequestHeaterC18checkLivespanTimer33_244B17CD91E3FE53D7955D48F535B935LLyyF
FN:50,$s16WKWebView_WarmUp16URLRequestHeaterC18checkLivespanTimer33_244B17CD91E3FE53D7955D48F535B935LLyyFySo7NSTimerCcfU_
FN:53,$s16WKWebView_WarmUp16URLRequestHeaterC18checkLivespanTimer33_244B17CD91E3FE53D7955D48F535B935LLyyFySo7NSTimerCcfU_y10Foundation0E0V_SdtXEfU_
FN:55,$s16WKWebView_WarmUp16URLRequestHeaterC18checkLivespanTimer33_244B17CD91E3FE53D7955D48F535B935LLyyFySo7NSTimerCcfU_y10Foundation0E0V_SdtXEfU_yycfU_
FN:71,$s16WKWebView_WarmUp16URLRequestHeaterC04warmD04with8livespany10Foundation3URLV_SdSgtF
FN:80,$s16WKWebView_WarmUp16URLRequestHeaterC04warmD04with8livespany10Foundation0E0V_SdSgtF
FN:96,$s16WKWebView_WarmUp16URLRequestHeaterC7dequeuexyF
FN:103,$s16WKWebView_WarmUp16URLRequestHeaterC7dequeue4withx10Foundation3URLV_tF
FN:111,$s16WKWebView_WarmUp16URLRequestHeaterC7dequeue4withx10Foundation0E0V_tF
FN:130,$s16WKWebView_WarmUp16URLRequestHeaterC5clearyyF
FNDA:2,$s16WKWebView_WarmUp16URLRequestHeaterC4poolSDy10Foundation0E0VxGvpfi
FNDA:2,$s16WKWebView_WarmUp16URLRequestHeaterC15objectsLivespanSDy10Foundation0E0VSdGvpfi
FNDA:2,$s16WKWebView_WarmUp16URLRequestHeaterC15creationClosureACyxGxyc_tcfc
FNDA:1,$s16WKWebView_WarmUp16URLRequestHeaterC18checkLivespanTimer33_244B17CD91E3FE53D7955D48F535B935LLyyF
FNDA:6,$s16WKWebView_WarmUp16URLRequestHeaterC18checkLivespanTimer33_244B17CD91E3FE53D7955D48F535B935LLyyFySo7NSTimerCcfU_
FNDA:6,$s16WKWebView_WarmUp16URLRequestHeaterC18checkLivespanTimer33_244B17CD91E3FE53D7955D48F535B935LLyyFySo7NSTimerCcfU_y10Foundation0E0V_SdtXEfU_
FNDA:2,$s16WKWebView_WarmUp16URLRequestHeaterC18checkLivespanTimer33_244B17CD91E3FE53D7955D48F535B935LLyyFySo7NSTimerCcfU_y10Foundation0E0V_SdtXEfU_yycfU_
FNDA:3,$s16WKWebView_WarmUp16URLRequestHeaterC04warmD04with8livespany10Foundation3URLV_SdSgtF
FNDA:3,$s16WKWebView_WarmUp16URLRequestHeaterC04warmD04with8livespany10Foundation0E0V_SdSgtF
FNDA:3,$s16WKWebView_WarmUp16URLRequestHeaterC7dequeuexyF
FNDA:3,$s16WKWebView_WarmUp16URLRequestHeaterC7dequeue4withx10Foundation3URLV_tF
FNDA:3,$s16WKWebView_WarmUp16URLRequestHeaterC7dequeue4withx10Foundation0E0V_tF
FNDA:0,$s16WKWebView_WarmUp16URLRequestHeaterC5clearyyF
FNF:13
FNH:12
DA:25,2
DA:26,2
DA:40,2
DA:41,2
DA:42,2
DA:43,2
DA:45,1
DA:46,1
DA:47,0
DA:48,0
DA:49,1
DA:50,6
DA:51,6
DA:52,6
DA:53,6
DA:54,6
DA:55,2
DA:56,2
DA:57,2
DA:58,6
DA:59,6
DA:60,6
DA:61,1
DA:71,3
DA:72,3
DA:73,3
DA:74,3
DA:80,3
DA:81,3
DA:82,3
DA:83,3
DA:84,1
DA:85,1
DA:86,1
DA:87,1
DA:88,3
DA:89,3
DA:96,3
DA:97,3
DA:98,3
DA:103,3
DA:104,3
DA:105,3
DA:106,3
DA:111,3
DA:112,0
DA:113,0
DA:114,0
DA:115,0
DA:116,3
DA:117,3
DA:118,3
DA:119,3
DA:120,3
DA:121,3
DA:122,3
DA:123,3
DA:124,3
DA:130,0
DA:131,0
DA:132,0
BRF:0
BFH:0
LF:82
LH:73
end_of_record
SF:/Users/runner/work/WKWebView_WarmUp/WKWebView_WarmUp/Sources/WKWebView_WarmUp/WKWebView+Extensions.swift
FN:14,$sSo9WKWebViewC0aB7_WarmUpE04warmD0yyF
FN:21,$sSo9WKWebViewC0aB7_WarmUpE04warmD04withy10Foundation3URLV_tF
FN:27,$sSo9WKWebViewC0aB7_WarmUpE04warmD04withy10Foundation10URLRequestV_tF
FNDA:15,$sSo9WKWebViewC0aB7_WarmUpE04warmD0yyF
FNDA:0,$sSo9WKWebViewC0aB7_WarmUpE04warmD04withy10Foundation3URLV_tF
FNDA:5,$sSo9WKWebViewC0aB7_WarmUpE04warmD04withy10Foundation10URLRequestV_tF
FNF:3
FNH:2
DA:14,15
DA:15,15
DA:16,15
DA:21,0
DA:22,0
DA:23,0
DA:27,5
DA:28,2
DA:29,2
DA:30,2
DA:31,3
DA:32,3
DA:33,3
BRF:0
BFH:0
LF:13
LH:10
end_of_record
SF:/Users/runner/work/WKWebView_WarmUp/WKWebView_WarmUp/Sources/WKWebView_WarmUp/WKWebViewHeater.swift
FN:17,$s16WKWebView_WarmUp16URLRequestHeaterCAASo0aB0CRszrlE6sharedACyAEGvpZfiAEycfU_
FN:27,$s16WKWebView_WarmUp16URLRequestHeaterCAASo0aB0CRszrlE13sharedManagerACyAEGAA0ab6SharedH0C_tcfC
FN:28,$s16WKWebView_WarmUp16URLRequestHeaterCAASo0aB0CRszrlE13sharedManagerACyAEGAA0ab6SharedH0C_tcfcAEycfU_
FNDA:12,$s16WKWebView_WarmUp16URLRequestHeaterCAASo0aB0CRszrlE6sharedACyAEGvpZfiAEycfU_
FNDA:1,$s16WKWebView_WarmUp16URLRequestHeaterCAASo0aB0CRszrlE13sharedManagerACyAEGAA0ab6SharedH0C_tcfC
FNDA:6,$s16WKWebView_WarmUp16URLRequestHeaterCAASo0aB0CRszrlE13sharedManagerACyAEGAA0ab6SharedH0C_tcfcAEycfU_
FNF:3
FNH:3
DA:17,12
DA:18,12
DA:19,12
DA:20,12
DA:21,12
DA:27,1
DA:28,6
DA:29,6
DA:30,6
DA:31,6
DA:32,6
DA:33,6
DA:34,1
BRF:0
BFH:0
LF:19
LH:19
end_of_record
SF:/Users/runner/work/WKWebView_WarmUp/WKWebView_WarmUp/Sources/WKWebView_WarmUp/WKWebViewSharedManager.swift
FN:21,$s16WKWebView_WarmUp0aB13SharedManagerC13configurationACSo0aB13ConfigurationC_tcfc
FNDA:2,$s16WKWebView_WarmUp0aB13SharedManagerC13configurationACSo0aB13ConfigurationC_tcfc
FNF:1
FNH:1
DA:21,2
DA:22,2
DA:23,2
DA:24,2
DA:25,2
BRF:0
BFH:0
LF:5
LH:5
end_of_record
